<?xml version="1.0" encoding="UTF-8"?>
<!-- Generated by org.testng.reporters.JUnitReportReporter -->
<testsuite hostname="Balajis-MBP.lan" failures="0" tests="1" name="testcases.TC_001" time="23.200" errors="0" timestamp="2022-11-07T02:07:33 CST" skipped="0">
  <testcase classname="testcases.TC_001" name="searchItem" time="23.200"/>
  <system-out>
--------------------------       Ascending order ------------------------- Astarte Medium Back Executive Chair In Red Black Colour Bali 1 Seater Sofa In Blue Colour Bali 1 Seater Sofa In Grey Colour Bali 1 Seater Sofa In Pink Colour Bali 1 Seater Sofa In Velvet Blue Colour Bali 2 Seater Sofa In Blue Colour Bali 2 Seater Sofa In Grey Colour Bali 2 Seater Sofa In Red Colour Bali 2 Seater Sofa In Velvet Blue Colour Bali 2 Seater Sofa In Velvet Grey Colour Bali 3 Seater Sofa In Blue Colour Bali 3 Seater Sofa In Grey Colour Bali 3 Seater Sofa In Pink Colour Bali 3 Seater Sofa In Red Colour Bali 3 Seater Sofa In Velvet Blue Colour Bali 3 Seater Sofa In Velvet Grey Colour Bliss 5 Seater LHS Sectional Sofa In Black & Grey Colour Bliss 5 Seater LHS Sectional Sofa In Velvet Blue Colour Bliss 5 Seater RHS Sectional Sofa In Black & Grey Colour Bliss 6 Seater LHS Sectional Sofa In Black & Grey Colour Bliss 6 Seater LHS Sectional Sofa In Black & Velvet Grey Colour Bliss 6 Seater LHS Sectional Sofa In Grey & Blue Colour Bliss 6 Seater LHS Sectional Sofa In Velvet Blue Colour Bliss 6 Seater RHS Sectional Sofa In Black & Grey Colour Bliss 6 Seater RHS Sectional Sofa In Black & Velvet Grey Colour Bliss 6 Seater RHS Sectional Sofa In Grey & Blue Colour Bliss 6 Seater RHS Sectional Sofa In Velvet Blue Colour Comet Ergonomic Chair In Black & White Colour Edo Sofa Cum Bed In Brown Colour Edo Sofa Cum Bed In Dark Blue Colour Edo Sofa Cum Bed In Green Colour Edo Sofa Cum Bed In Velvet Blue Colour Fabric Care Kit Madison 3 Seater Sofa In Grey Colour Matrix Torin High Back Ergonomic Chair In Black Colour Max Cafe Chair In Brown Colour Mr. RX N4 Furniture Maintainer & Shiner 1 Litre Mr. RX N4 Furniture Maintainer & Shiner 5 Litre Ozone 3 Door Wardrobe In Teak Finish Ozone 3 Door Wardrobe In Teak Finish Ozone 3 Door Wardrobe Without Drawer & Mirror In Wenge Finish Ozone 4 Door Wardrobe In Maple Finish Ozone 4 Door Wardrobe In Milky Maple Finish Racing Gaming Chair In Grey & Black Colour Regal Grand Dresser In Walnut & Marble Finish Sheesham Wood Floating Book Shelf In Provincial Teak Finish Solid Wood Care Kit Zyax Wood Polish Furniture Spray 500ml --------------------------      Descending order -------------------------- Zyax Wood Polish Furniture Spray 500ml Solid Wood Care Kit Sheesham Wood Floating Book Shelf In Provincial Teak Finish Regal Grand Dresser In Walnut & Marble Finish Racing Gaming Chair In Grey & Black Colour Ozone 4 Door Wardrobe In Milky Maple Finish Ozone 4 Door Wardrobe In Maple Finish Ozone 3 Door Wardrobe Without Drawer & Mirror In Wenge Finish Ozone 3 Door Wardrobe In Teak Finish Ozone 3 Door Wardrobe In Teak Finish Mr. RX N4 Furniture Maintainer & Shiner 5 Litre Mr. RX N4 Furniture Maintainer & Shiner 1 Litre Max Cafe Chair In Brown Colour Matrix Torin High Back Ergonomic Chair In Black Colour Madison 3 Seater Sofa In Grey Colour Fabric Care Kit Edo Sofa Cum Bed In Velvet Blue Colour Edo Sofa Cum Bed In Green Colour Edo Sofa Cum Bed In Dark Blue Colour Edo Sofa Cum Bed In Brown Colour Comet Ergonomic Chair In Black & White Colour Bliss 6 Seater RHS Sectional Sofa In Velvet Blue Colour Bliss 6 Seater RHS Sectional Sofa In Grey & Blue Colour Bliss 6 Seater RHS Sectional Sofa In Black & Velvet Grey Colour Bliss 6 Seater RHS Sectional Sofa In Black & Grey Colour Bliss 6 Seater LHS Sectional Sofa In Velvet Blue Colour Bliss 6 Seater LHS Sectional Sofa In Grey & Blue Colour Bliss 6 Seater LHS Sectional Sofa In Black & Velvet Grey Colour Bliss 6 Seater LHS Sectional Sofa In Black & Grey Colour Bliss 5 Seater RHS Sectional Sofa In Black & Grey Colour Bliss 5 Seater LHS Sectional Sofa In Velvet Blue Colour Bliss 5 Seater LHS Sectional Sofa In Black & Grey Colour Bali 3 Seater Sofa In Velvet Grey Colour Bali 3 Seater Sofa In Velvet Blue Colour Bali 3 Seater Sofa In Red Colour Bali 3 Seater Sofa In Pink Colour Bali 3 Seater Sofa In Grey Colour Bali 3 Seater Sofa In Blue Colour Bali 2 Seater Sofa In Velvet Grey Colour Bali 2 Seater Sofa In Velvet Blue Colour Bali 2 Seater Sofa In Red Colour Bali 2 Seater Sofa In Grey Colour Bali 2 Seater Sofa In Blue Colour Bali 1 Seater Sofa In Velvet Blue Colour Bali 1 Seater Sofa In Pink Colour Bali 1 Seater Sofa In Grey Colour Bali 1 Seater Sofa In Blue Colour Astarte Medium Back Executive Chair In Red Black Colour  </system-out>
</testsuite> <!-- testcases.TC_001 -->
